<?xml version="1.0" encoding="UTF-8"?>
<Site BuildName="Linux-g++"
	BuildStamp="20240110-0309-Experimental"
	Name="lvinla-ThinkPad-Edge"
	Generator="ctest-3.22.1"
	CompilerName="/usr/bin/g++"
	CompilerVersion="11.4.0"
	OSName="Linux"
	Hostname="lvinla-ThinkPad-Edge"
	OSRelease="6.2.0-39-generic"
	OSVersion="#40~22.04.1-Ubuntu SMP PREEMPT_DYNAMIC Thu Nov 16 10:53:04 UTC 2"
	OSPlatform="x86_64"
	Is64Bits="1"
	VendorString="GenuineIntel"
	VendorID="Intel Corporation"
	FamilyID="6"
	ModelID="37"
	ProcessorCacheSize="3072"
	NumberOfLogicalCPU="4"
	NumberOfPhysicalCPU="2"
	TotalVirtualMemory="4109"
	TotalPhysicalMemory="3706"
	LogicalProcessorsPerPhysical="2"
	ProcessorClockFrequency="2394.68"
	>
	<Testing>
		<StartDateTime>Jan 09 19:14 PST</StartDateTime>
		<StartTestTime>1704856476</StartTestTime>
		<TestList/>
		<EndDateTime>Jan 09 19:14 PST</EndDateTime>
		<EndTestTime>1704856476</EndTestTime>
		<ElapsedMinutes>0</ElapsedMinutes>
	</Testing>
</Site>
